# JRE version: OpenJDK Runtime Environment Temurin-21.0.10+7 (21.0.10+7) (build 21.0.10+7-LTS)
# Java VM: OpenJDK 64-Bit Server VM Temurin-21.0.10+7 (21.0.10+7-LTS, mixed mode, sharing, tiered, compressed oops, compressed class ptrs, parallel gc, windows-amd64)
GC Precious Log:
 CardTable entry size: 512
 CPUs: 8 total, 8 available
 Memory: 7876M
 Large Page Support: Disabled
 NUMA Support: Disabled
 Compressed Oops: Enabled (32-bit)
 Alignments: Space 512K, Generation 512K, Heap 2M
 Heap Min Capacity: 100M
 Heap Initial Capacity: 100M
 Heap Max Capacity: 2G
 Pre-touch: Disabled
 Parallel Workers: 8
Heap:
 PSYoungGen      total 3072K, used 1321K [0x00000000d5580000, 0x00000000d5900000, 0x0000000100000000)
  eden space 2560K, 37% used [0x00000000d5580000,0x00000000d56724a8,0x00000000d5800000)
  from space 512K, 68% used [0x00000000d5880000,0x00000000d58d8010,0x00000000d5900000)
  to   space 512K, 0% used [0x00000000d5800000,0x00000000d5800000,0x00000000d5880000)
 ParOldGen       total 821760K, used 360577K [0x0000000080000000, 0x00000000b2280000, 0x00000000d5580000)
  object space 821760K, 43% used [0x0000000080000000,0x00000000960204d8,0x00000000b2280000)
 Metaspace       used 63761K, committed 65344K, reserved 1114112K
  class space    used 7480K, committed 8192K, reserved 1048576K
GC Heap History (20 events):
Event: 225.577 GC heap before
{Heap before GC invocations=936 (full 3):
 PSYoungGen      total 1536K, used 1536K [0x00000000d5580000, 0x00000000d5c80000, 0x0000000100000000)
  eden space 512K, 100% used [0x00000000d5580000,0x00000000d5600000,0x00000000d5600000)
  from space 1024K, 100% used [0x00000000d5880000,0x00000000d5980000,0x00000000d5980000)
  to   space 2560K, 0% used [0x00000000d5600000,0x00000000d5600000,0x00000000d5880000)
 ParOldGen       total 821760K, used 356519K [0x0000000080000000, 0x00000000b2280000, 0x00000000d5580000)
  object space 821760K, 43% used [0x0000000080000000,0x0000000095c29d58,0x00000000b2280000)
 Metaspace       used 62896K, committed 64512K, reserved 1114112K
  class space    used 7390K, committed 8064K, reserved 1048576K
}
Event: 225.601 GC heap after
{Heap after GC invocations=936 (full 3):
 PSYoungGen      total 1536K, used 544K [0x00000000d5580000, 0x00000000d5980000, 0x0000000100000000)
  eden space 512K, 0% used [0x00000000d5580000,0x00000000d5580000,0x00000000d5600000)
  from space 1024K, 53% used [0x00000000d5600000,0x00000000d5688000,0x00000000d5700000)
  to   space 1536K, 0% used [0x00000000d5800000,0x00000000d5800000,0x00000000d5980000)
 ParOldGen       total 821760K, used 357599K [0x0000000080000000, 0x00000000b2280000, 0x00000000d5580000)
  object space 821760K, 43% used [0x0000000080000000,0x0000000095d37d58,0x00000000b2280000)
 Metaspace       used 62896K, committed 64512K, reserved 1114112K
  class space    used 7390K, committed 8064K, reserved 1048576K
}
Event: 225.603 GC heap before
{Heap before GC invocations=937 (full 3):
 PSYoungGen      total 1536K, used 1055K [0x00000000d5580000, 0x00000000d5980000, 0x0000000100000000)
  eden space 512K, 99% used [0x00000000d5580000,0x00000000d55fffd0,0x00000000d5600000)
  from space 1024K, 53% used [0x00000000d5600000,0x00000000d5688000,0x00000000d5700000)
  to   space 1536K, 0% used [0x00000000d5800000,0x00000000d5800000,0x00000000d5980000)
 ParOldGen       total 821760K, used 357599K [0x0000000080000000, 0x00000000b2280000, 0x00000000d5580000)
  object space 821760K, 43% used [0x0000000080000000,0x0000000095d37d58,0x00000000b2280000)
 Metaspace       used 62896K, committed 64512K, reserved 1114112K
  class space    used 7390K, committed 8064K, reserved 1048576K
}
Event: 225.609 GC heap after
{Heap after GC invocations=937 (full 3):
 PSYoungGen      total 1536K, used 512K [0x00000000d5580000, 0x00000000d5880000, 0x0000000100000000)
  eden space 1024K, 0% used [0x00000000d5580000,0x00000000d5580000,0x00000000d5680000)
  from space 512K, 100% used [0x00000000d5800000,0x00000000d5880000,0x00000000d5880000)
  to   space 1024K, 0% used [0x00000000d5680000,0x00000000d5680000,0x00000000d5780000)
 ParOldGen       total 821760K, used 358063K [0x0000000080000000, 0x00000000b2280000, 0x00000000d5580000)
  object space 821760K, 43% used [0x0000000080000000,0x0000000095dabd68,0x00000000b2280000)
 Metaspace       used 62896K, committed 64512K, reserved 1114112K
  class space    used 7390K, committed 8064K, reserved 1048576K
}
Event: 225.629 GC heap before
{Heap before GC invocations=938 (full 3):
 PSYoungGen      total 1536K, used 1533K [0x00000000d5580000, 0x00000000d5880000, 0x0000000100000000)
  eden space 1024K, 99% used [0x00000000d5580000,0x00000000d567f5a0,0x00000000d5680000)
  from space 512K, 100% used [0x00000000d5800000,0x00000000d5880000,0x00000000d5880000)
  to   space 1024K, 0% used [0x00000000d5680000,0x00000000d5680000,0x00000000d5780000)
 ParOldGen       total 821760K, used 358063K [0x0000000080000000, 0x00000000b2280000, 0x00000000d5580000)
  object space 821760K, 43% used [0x0000000080000000,0x0000000095dabd68,0x00000000b2280000)
 Metaspace       used 62928K, committed 64512K, reserved 1114112K
  class space    used 7395K, committed 8064K, reserved 1048576K
}
Event: 225.633 GC heap after
{Heap after GC invocations=938 (full 3):
 PSYoungGen      total 2048K, used 800K [0x00000000d5580000, 0x00000000d5900000, 0x0000000100000000)
  eden space 1024K, 0% used [0x00000000d5580000,0x00000000d5580000,0x00000000d5680000)
  from space 1024K, 78% used [0x00000000d5680000,0x00000000d5748000,0x00000000d5780000)
  to   space 1024K, 0% used [0x00000000d5800000,0x00000000d5800000,0x00000000d5900000)
 ParOldGen       total 821760K, used 358543K [0x0000000080000000, 0x00000000b2280000, 0x00000000d5580000)
  object space 821760K, 43% used [0x0000000080000000,0x0000000095e23d68,0x00000000b2280000)
 Metaspace       used 62928K, committed 64512K, reserved 1114112K
  class space    used 7395K, committed 8064K, reserved 1048576K
}
Event: 225.656 GC heap before
{Heap before GC invocations=939 (full 3):
 PSYoungGen      total 2048K, used 1823K [0x00000000d5580000, 0x00000000d5900000, 0x0000000100000000)
  eden space 1024K, 99% used [0x00000000d5580000,0x00000000d567ffc8,0x00000000d5680000)
  from space 1024K, 78% used [0x00000000d5680000,0x00000000d5748000,0x00000000d5780000)
  to   space 1024K, 0% used [0x00000000d5800000,0x00000000d5800000,0x00000000d5900000)
 ParOldGen       total 821760K, used 358543K [0x0000000080000000, 0x00000000b2280000, 0x00000000d5580000)
  object space 821760K, 43% used [0x0000000080000000,0x0000000095e23d68,0x00000000b2280000)
 Metaspace       used 62975K, committed 64512K, reserved 1114112K
  class space    used 7401K, committed 8064K, reserved 1048576K
}
Event: 225.662 GC heap after
{Heap after GC invocations=939 (full 3):
 PSYoungGen      total 2560K, used 608K [0x00000000d5580000, 0x00000000d5900000, 0x0000000100000000)
  eden space 1536K, 0% used [0x00000000d5580000,0x00000000d5580000,0x00000000d5700000)
  from space 1024K, 59% used [0x00000000d5800000,0x00000000d5898000,0x00000000d5900000)
  to   space 1024K, 0% used [0x00000000d5700000,0x00000000d5700000,0x00000000d5800000)
 ParOldGen       total 821760K, used 359231K [0x0000000080000000, 0x00000000b2280000, 0x00000000d5580000)
  object space 821760K, 43% used [0x0000000080000000,0x0000000095ecfd68,0x00000000b2280000)
 Metaspace       used 62975K, committed 64512K, reserved 1114112K
  class space    used 7401K, committed 8064K, reserved 1048576K
}
Event: 225.683 GC heap before
{Heap before GC invocations=940 (full 3):
 PSYoungGen      total 2560K, used 2144K [0x00000000d5580000, 0x00000000d5900000, 0x0000000100000000)
  eden space 1536K, 100% used [0x00000000d5580000,0x00000000d5700000,0x00000000d5700000)
  from space 1024K, 59% used [0x00000000d5800000,0x00000000d5898000,0x00000000d5900000)
  to   space 1024K, 0% used [0x00000000d5700000,0x00000000d5700000,0x00000000d5800000)
 ParOldGen       total 821760K, used 359231K [0x0000000080000000, 0x00000000b2280000, 0x00000000d5580000)
  object space 821760K, 43% used [0x0000000080000000,0x0000000095ecfd68,0x00000000b2280000)
 Metaspace       used 63019K, committed 64576K, reserved 1114112K
  class space    used 7406K, committed 8064K, reserved 1048576K
}
Event: 225.687 GC heap after
{Heap after GC invocations=940 (full 3):
 PSYoungGen      total 2560K, used 473K [0x00000000d5580000, 0x00000000d5980000, 0x0000000100000000)
  eden space 1536K, 0% used [0x00000000d5580000,0x00000000d5580000,0x00000000d5700000)
  from space 1024K, 46% used [0x00000000d5700000,0x00000000d57764a8,0x00000000d5800000)
  to   space 1024K, 0% used [0x00000000d5880000,0x00000000d5880000,0x00000000d5980000)
 ParOldGen       total 821760K, used 359767K [0x0000000080000000, 0x00000000b2280000, 0x00000000d5580000)
  object space 821760K, 43% used [0x0000000080000000,0x0000000095f55d68,0x00000000b2280000)
 Metaspace       used 63019K, committed 64576K, reserved 1114112K
  class space    used 7406K, committed 8064K, reserved 1048576K
}
Event: 225.728 GC heap before
{Heap before GC invocations=941 (full 3):
 PSYoungGen      total 2560K, used 2009K [0x00000000d5580000, 0x00000000d5980000, 0x0000000100000000)
  eden space 1536K, 100% used [0x00000000d5580000,0x00000000d5700000,0x00000000d5700000)
  from space 1024K, 46% used [0x00000000d5700000,0x00000000d57764a8,0x00000000d5800000)
  to   space 1024K, 0% used [0x00000000d5880000,0x00000000d5880000,0x00000000d5980000)
 ParOldGen       total 821760K, used 359767K [0x0000000080000000, 0x00000000b2280000, 0x00000000d5580000)
  object space 821760K, 43% used [0x0000000080000000,0x0000000095f55d68,0x00000000b2280000)
 Metaspace       used 63203K, committed 64768K, reserved 1114112K
  class space    used 7423K, committed 8064K, reserved 1048576K
}
Event: 225.730 GC heap after
{Heap after GC invocations=941 (full 3):
 PSYoungGen      total 2560K, used 224K [0x00000000d5580000, 0x00000000d5900000, 0x0000000100000000)
  eden space 2048K, 0% used [0x00000000d5580000,0x00000000d5580000,0x00000000d5780000)
  from space 512K, 43% used [0x00000000d5880000,0x00000000d58b8000,0x00000000d5900000)
  to   space 512K, 0% used [0x00000000d5800000,0x00000000d5800000,0x00000000d5880000)
 ParOldGen       total 821760K, used 359964K [0x0000000080000000, 0x00000000b2280000, 0x00000000d5580000)
  object space 821760K, 43% used [0x0000000080000000,0x0000000095f87008,0x00000000b2280000)
 Metaspace       used 63203K, committed 64768K, reserved 1114112K
  class space    used 7423K, committed 8064K, reserved 1048576K
}
Event: 225.763 GC heap before
{Heap before GC invocations=942 (full 3):
 PSYoungGen      total 2560K, used 2271K [0x00000000d5580000, 0x00000000d5900000, 0x0000000100000000)
  eden space 2048K, 99% used [0x00000000d5580000,0x00000000d577fff0,0x00000000d5780000)
  from space 512K, 43% used [0x00000000d5880000,0x00000000d58b8000,0x00000000d5900000)
  to   space 512K, 0% used [0x00000000d5800000,0x00000000d5800000,0x00000000d5880000)
 ParOldGen       total 821760K, used 359964K [0x0000000080000000, 0x00000000b2280000, 0x00000000d5580000)
  object space 821760K, 43% used [0x0000000080000000,0x0000000095f87008,0x00000000b2280000)
 Metaspace       used 63358K, committed 64896K, reserved 1114112K
  class space    used 7444K, committed 8128K, reserved 1048576K
}
Event: 225.766 GC heap after
{Heap after GC invocations=942 (full 3):
 PSYoungGen      total 3072K, used 288K [0x00000000d5580000, 0x00000000d5900000, 0x0000000100000000)
  eden space 2560K, 0% used [0x00000000d5580000,0x00000000d5580000,0x00000000d5800000)
  from space 512K, 56% used [0x00000000d5800000,0x00000000d5848000,0x00000000d5880000)
  to   space 512K, 0% used [0x00000000d5880000,0x00000000d5880000,0x00000000d5900000)
 ParOldGen       total 821760K, used 360044K [0x0000000080000000, 0x00000000b2280000, 0x00000000d5580000)
  object space 821760K, 43% used [0x0000000080000000,0x0000000095f9b028,0x00000000b2280000)
 Metaspace       used 63358K, committed 64896K, reserved 1114112K
  class space    used 7444K, committed 8128K, reserved 1048576K
}
Event: 225.820 GC heap before
{Heap before GC invocations=943 (full 3):
 PSYoungGen      total 3072K, used 2848K [0x00000000d5580000, 0x00000000d5900000, 0x0000000100000000)
  eden space 2560K, 100% used [0x00000000d5580000,0x00000000d5800000,0x00000000d5800000)
  from space 512K, 56% used [0x00000000d5800000,0x00000000d5848000,0x00000000d5880000)
  to   space 512K, 0% used [0x00000000d5880000,0x00000000d5880000,0x00000000d5900000)
 ParOldGen       total 821760K, used 360044K [0x0000000080000000, 0x00000000b2280000, 0x00000000d5580000)
  object space 821760K, 43% used [0x0000000080000000,0x0000000095f9b028,0x00000000b2280000)
 Metaspace       used 63526K, committed 65024K, reserved 1114112K
  class space    used 7465K, committed 8128K, reserved 1048576K
}
Event: 225.822 GC heap after
{Heap after GC invocations=943 (full 3):
 PSYoungGen      total 3072K, used 288K [0x00000000d5580000, 0x00000000d5900000, 0x0000000100000000)
  eden space 2560K, 0% used [0x00000000d5580000,0x00000000d5580000,0x00000000d5800000)
  from space 512K, 56% used [0x00000000d5880000,0x00000000d58c8020,0x00000000d5900000)
  to   space 512K, 0% used [0x00000000d5800000,0x00000000d5800000,0x00000000d5880000)
 ParOldGen       total 821760K, used 360140K [0x0000000080000000, 0x00000000b2280000, 0x00000000d5580000)
  object space 821760K, 43% used [0x0000000080000000,0x0000000095fb3038,0x00000000b2280000)
 Metaspace       used 63526K, committed 65024K, reserved 1114112K
  class space    used 7465K, committed 8128K, reserved 1048576K
}
Event: 1234.897 GC heap before
{Heap before GC invocations=944 (full 3):
 PSYoungGen      total 3072K, used 2848K [0x00000000d5580000, 0x00000000d5900000, 0x0000000100000000)
  eden space 2560K, 100% used [0x00000000d5580000,0x00000000d5800000,0x00000000d5800000)
  from space 512K, 56% used [0x00000000d5880000,0x00000000d58c8020,0x00000000d5900000)
  to   space 512K, 0% used [0x00000000d5800000,0x00000000d5800000,0x00000000d5880000)
 ParOldGen       total 821760K, used 360140K [0x0000000080000000, 0x00000000b2280000, 0x00000000d5580000)
  object space 821760K, 43% used [0x0000000080000000,0x0000000095fb3038,0x00000000b2280000)
 Metaspace       used 63714K, committed 65280K, reserved 1114112K
  class space    used 7480K, committed 8192K, reserved 1048576K
}
Event: 1235.312 GC heap after
{Heap after GC invocations=944 (full 3):
 PSYoungGen      total 3072K, used 432K [0x00000000d5580000, 0x00000000d5900000, 0x0000000100000000)
  eden space 2560K, 0% used [0x00000000d5580000,0x00000000d5580000,0x00000000d5800000)
  from space 512K, 84% used [0x00000000d5800000,0x00000000d586c010,0x00000000d5880000)
  to   space 512K, 0% used [0x00000000d5880000,0x00000000d5880000,0x00000000d5900000)
 ParOldGen       total 821760K, used 360289K [0x0000000080000000, 0x00000000b2280000, 0x00000000d5580000)
  object space 821760K, 43% used [0x0000000080000000,0x0000000095fd84d8,0x00000000b2280000)
 Metaspace       used 63714K, committed 65280K, reserved 1114112K
  class space    used 7480K, committed 8192K, reserved 1048576K
}
Event: 6637.242 GC heap before
{Heap before GC invocations=945 (full 3):
 PSYoungGen      total 3072K, used 2992K [0x00000000d5580000, 0x00000000d5900000, 0x0000000100000000)
  eden space 2560K, 100% used [0x00000000d5580000,0x00000000d5800000,0x00000000d5800000)
  from space 512K, 84% used [0x00000000d5800000,0x00000000d586c010,0x00000000d5880000)
  to   space 512K, 0% used [0x00000000d5880000,0x00000000d5880000,0x00000000d5900000)
 ParOldGen       total 821760K, used 360289K [0x0000000080000000, 0x00000000b2280000, 0x00000000d5580000)
  object space 821760K, 43% used [0x0000000080000000,0x0000000095fd84d8,0x00000000b2280000)
 Metaspace       used 63750K, committed 65344K, reserved 1114112K
  class space    used 7480K, committed 8192K, reserved 1048576K
}
Event: 6637.454 GC heap after
{Heap after GC invocations=945 (full 3):
 PSYoungGen      total 3072K, used 352K [0x00000000d5580000, 0x00000000d5900000, 0x0000000100000000)
  eden space 2560K, 0% used [0x00000000d5580000,0x00000000d5580000,0x00000000d5800000)
  from space 512K, 68% used [0x00000000d5880000,0x00000000d58d8010,0x00000000d5900000)
  to   space 512K, 0% used [0x00000000d5800000,0x00000000d5800000,0x00000000d5880000)
 ParOldGen       total 821760K, used 360577K [0x0000000080000000, 0x00000000b2280000, 0x00000000d5580000)
  object space 821760K, 43% used [0x0000000080000000,0x00000000960204d8,0x00000000b2280000)
 Metaspace       used 63750K, committed 65344K, reserved 1114112K
  class space    used 7480K, committed 8192K, reserved 1048576K
}

